Info: constrained 'clk' to bel 'X16/Y0/io1'
Warning: net 'CLK' does not exist in design, ignoring clock constraint
Info: constrained 'led1' to bel 'X17/Y33/io0'
Info: constrained 'led2' to bel 'X16/Y33/io1'
Info: constrained 'led3' to bel 'X17/Y0/io0'
Info: constrained 'butt1' to bel 'X10/Y33/io1'
Info: constrained 'butt3' to bel 'X3/Y33/io0'
Info: constrained 'butt2' to bel 'X1/Y33/io0'
Info: constrained 'butt4' to bel 'X5/Y33/io1'
Info: constrained 'DEBUGLED[0]' to bel 'X14/Y33/io1'
Info: constrained 'DEBUGLED[1]' to bel 'X16/Y33/io0'
Info: constrained 'DEBUGLED[2]' to bel 'X24/Y33/io0'
Info: constrained 'DEBUGLED[3]' to bel 'X23/Y33/io1'
Info: constrained 'DEBUGLED[7]' to bel 'X13/Y33/io0'
Info: constrained 'DEBUGLED[6]' to bel 'X18/Y33/io1'
Info: constrained 'DEBUGLED[5]' to bel 'X22/Y33/io1'
Info: constrained 'DEBUGLED[4]' to bel 'X22/Y33/io0'
Info: constrained 'vga_h_sync' to bel 'X15/Y0/io0'
Info: constrained 'vga_v_sync' to bel 'X17/Y0/io1'
Info: constrained 'vga_r[0]' to bel 'X22/Y0/io1'
Info: constrained 'vga_r[1]' to bel 'X23/Y0/io0'
Info: constrained 'vga_r[2]' to bel 'X21/Y0/io1'
Info: constrained 'vga_r[3]' to bel 'X19/Y0/io0'
Info: constrained 'vga_g[0]' to bel 'X13/Y0/io0'
Info: constrained 'vga_g[1]' to bel 'X0/Y25/io1'
Info: constrained 'vga_g[2]' to bel 'X0/Y8/io1'
Info: constrained 'vga_g[3]' to bel 'X2/Y0/io0'
Info: constrained 'vga_b[0]' to bel 'X33/Y1/io0'
Info: constrained 'vga_b[1]' to bel 'X24/Y0/io0'
Info: constrained 'vga_b[2]' to bel 'X21/Y0/io0'
Info: constrained 'vga_b[3]' to bel 'X15/Y0/io1'
Info: constrained 'btn' to bel 'X29/Y0/io0'

Info: Packing constants..
Info: Packing IOs..
Info: Packing LUT-FFs..
Info:     3715 LCs used as LUT4 only
Info:      902 LCs used as LUT4 and DFF
Info: Packing non-LUT FFs..
Info:      326 LCs used as DFF only
Info: Packing carries..
Info:      962 LCs used as CARRY only
Info: Packing RAMs..
Info: Placing PLLs..
Info:   constrained PLL 'pll.pll_inst' to X16/Y0/pll_3
Info: Packing special functions..
Info: Packing PLLs..
Info:   PLL 'pll.pll_inst' has LOCK output, need to pass all outputs via LUT
Info:   constrained 'resetn_gen_SB_DFF_Q_3_DFFLC' to X1/Y1/lc0
Info: Promoting globals..
Info: promoting reset_SB_LUT4_I3_O [reset] (fanout 1110)
Info: promoting t.trigger_SB_DFFE_Q_D_SB_LUT4_I2_O [reset] (fanout 25)
Info: promoting reset [cen] (fanout 25)
Info: promoting tdisplay.state_SB_DFFESR_Q_D_SB_LUT4_O_I0_SB_LUT4_I2_O [cen] (fanout 24)
Info: promoting memory.movement_commit_SB_DFFESR_Q_D_SB_LUT4_O_I3_SB_LUT4_I1_I3_SB_LUT4_I2_O [cen] (fanout 21)
Info: promoting sdisplay.values[6]_SB_DFFESR_Q_E_SB_LUT4_O_I1_SB_LUT4_I3_O [cen] (fanout 19)
Info: Constraining chains...
Info:      245 LCs used to legalise carry chains.
Info: Checksum: 0x8554f569

Info: Annotating ports with timing budgets for target frequency 30.00 MHz
Info: Checksum: 0x7699be19

Info: Device utilisation:
Info: 	         ICESTORM_LC:  6153/ 7680    80%
Info: 	        ICESTORM_RAM:     0/   32     0%
Info: 	               SB_IO:    31/  256    12%
Info: 	               SB_GB:     7/    8    87%
Info: 	        ICESTORM_PLL:     1/    2    50%
Info: 	         SB_WARMBOOT:     0/    1     0%

Info: Placed 34 cells based on constraints.
Info: Creating initial analytic placement for 4730 cells, random placement wirelen = 158476.
Info:     at initial placer iter 0, wirelen = 1520
Info:     at initial placer iter 1, wirelen = 1319
Info:     at initial placer iter 2, wirelen = 1250
Info:     at initial placer iter 3, wirelen = 1243
Info: Running main analytical placer.
Info:     at iteration #1, type ALL: wirelen solved = 1249, spread = 53358, legal = 58101; time = 0.12s
Info:     at iteration #2, type ALL: wirelen solved = 2654, spread = 31719, legal = 35028; time = 0.11s
Info:     at iteration #3, type ALL: wirelen solved = 3987, spread = 28031, legal = 30648; time = 0.08s
Info:     at iteration #4, type ALL: wirelen solved = 4943, spread = 25123, legal = 27625; time = 0.08s
Info:     at iteration #5, type ALL: wirelen solved = 6509, spread = 23130, legal = 26654; time = 0.11s
Info:     at iteration #6, type ALL: wirelen solved = 8100, spread = 23272, legal = 26049; time = 0.08s
Info:     at iteration #7, type ALL: wirelen solved = 9643, spread = 22608, legal = 25682; time = 0.08s
Info:     at iteration #8, type ALL: wirelen solved = 10654, spread = 22255, legal = 25972; time = 0.08s
Info:     at iteration #9, type ALL: wirelen solved = 11235, spread = 21397, legal = 24107; time = 0.07s
Info:     at iteration #10, type ALL: wirelen solved = 11924, spread = 20845, legal = 23865; time = 0.10s
Info:     at iteration #11, type ALL: wirelen solved = 12619, spread = 20557, legal = 23515; time = 0.09s
Info:     at iteration #12, type ALL: wirelen solved = 12909, spread = 20049, legal = 23297; time = 0.07s
Info:     at iteration #13, type ALL: wirelen solved = 13465, spread = 20018, legal = 23179; time = 0.09s
Info:     at iteration #14, type ALL: wirelen solved = 13545, spread = 19944, legal = 23032; time = 0.07s
Info:     at iteration #15, type ALL: wirelen solved = 13896, spread = 19629, legal = 22534; time = 0.08s
Info:     at iteration #16, type ALL: wirelen solved = 14100, spread = 19569, legal = 25632; time = 0.10s
Info:     at iteration #17, type ALL: wirelen solved = 14526, spread = 19850, legal = 26393; time = 0.10s
Info:     at iteration #18, type ALL: wirelen solved = 14584, spread = 19706, legal = 22980; time = 0.07s
Info:     at iteration #19, type ALL: wirelen solved = 14771, spread = 19764, legal = 22570; time = 0.07s
Info:     at iteration #20, type ALL: wirelen solved = 15216, spread = 19925, legal = 22692; time = 0.07s
Info: HeAP Placer Time: 2.39s
Info:   of which solving equations: 1.42s
Info:   of which spreading cells: 0.19s
Info:   of which strict legalisation: 0.27s

Info: Running simulated annealing placer for refinement.
Info:   at iteration #1: temp = 0.000000, timing cost = 602, wirelen = 22534
Info:   at iteration #5: temp = 0.000000, timing cost = 744, wirelen = 19509
Info:   at iteration #10: temp = 0.000000, timing cost = 744, wirelen = 18511
Info:   at iteration #15: temp = 0.000000, timing cost = 820, wirelen = 18125
Info:   at iteration #20: temp = 0.000000, timing cost = 810, wirelen = 17961
Info:   at iteration #25: temp = 0.000000, timing cost = 802, wirelen = 17909
Info:   at iteration #29: temp = 0.000000, timing cost = 799, wirelen = 17881 
Info: SA placement time 3.16s

Info: Max frequency for clock 'clk_25_175': 41.08 MHz (PASS at 30.00 MHz)

Info: Max delay <async>            -> posedge clk_25_175: 1.95 ns
Info: Max delay posedge clk_25_175 -> <async>           : 5.64 ns

Info: Slack histogram:
Info:  legend: * represents 16 endpoint(s)
Info:          + represents [1,16) endpoint(s)
Info: [  8990,  10162) |*+
Info: [ 10162,  11334) | 
Info: [ 11334,  12506) | 
Info: [ 12506,  13678) |*+
Info: [ 13678,  14850) |**+
Info: [ 14850,  16022) |***+
Info: [ 16022,  17194) |+
Info: [ 17194,  18366) |+
Info: [ 18366,  19538) |+
Info: [ 19538,  20710) |+
Info: [ 20710,  21882) |**+
Info: [ 21882,  23054) |******************+
Info: [ 23054,  24226) |**************************+
Info: [ 24226,  25398) |*******************************+
Info: [ 25398,  26570) |*****************************************************+
Info: [ 26570,  27742) |*********************************+
Info: [ 27742,  28914) |*********+
Info: [ 28914,  30086) |***********************************+
Info: [ 30086,  31258) |************************************************************ 
Info: [ 31258,  32430) |************************+
Info: Checksum: 0xf70e5148

Info: Routing..
Info: Setting up routing queue.
Info: Routing 19158 arcs.
Info:            |   (re-)routed arcs  |   delta    | remaining|       time spent     |
Info:    IterCnt |  w/ripup   wo/ripup |  w/r  wo/r |      arcs| batch(sec) total(sec)|
Info:       1000 |       34        922 |   34   922 |     18208|       0.17       0.17|
Info:       2000 |       44       1345 |   10   423 |     17218|       0.02       0.19|
Info:       3000 |       70       1795 |   26   450 |     16254|       0.04       0.24|
Info:       4000 |       99       2766 |   29   971 |     15295|       0.16       0.40|
Info:       5000 |      138       3727 |   39   961 |     14351|       0.23       0.63|
Info:       6000 |      192       4673 |   54   946 |     13453|       0.21       0.84|
Info:       7000 |      283       5582 |   91   909 |     12602|       0.20       1.03|
Info:       8000 |      436       6429 |  153   847 |     11808|       0.16       1.19|
Info:       9000 |      648       7217 |  212   788 |     11075|       0.13       1.33|
Info:      10000 |      899       7966 |  251   749 |     10401|       0.15       1.47|
Info:      11000 |     1173       8692 |  274   726 |      9765|       0.16       1.64|
Info:      12000 |     1387       9478 |  214   786 |      9060|       0.15       1.79|
Info:      13000 |     1609      10256 |  222   778 |      8360|       0.15       1.94|
Info:      14000 |     1740      11125 |  131   869 |      7553|       0.19       2.13|
Info:      15000 |     1986      11879 |  246   754 |      6916|       0.26       2.39|
Info:      16000 |     2222      12643 |  236   764 |      6251|       0.26       2.64|
Info:      17000 |     2439      13426 |  217   783 |      5540|       0.16       2.81|
Info:      18000 |     2778      14087 |  339   661 |      4993|       0.26       3.07|
Info:      19000 |     3057      14808 |  279   721 |      4403|       0.27       3.34|
Info:      20000 |     3272      15593 |  215   785 |      3759|       0.40       3.74|
Info:      21000 |     3514      16351 |  242   758 |      3087|       0.29       4.03|
Info:      22000 |     3954      16911 |  440   560 |      2826|       0.42       4.45|
Info:      23000 |     4352      17513 |  398   602 |      2371|       0.42       4.87|
Info:      24000 |     4803      18062 |  451   549 |      2086|       0.38       5.26|
Info:      25000 |     5338      18527 |  535   465 |      1918|       0.49       5.75|
Info:      26000 |     5878      18987 |  540   460 |      1722|       0.40       6.15|
Info:      27000 |     6416      19449 |  538   462 |      1598|       0.39       6.54|
Info:      28000 |     6922      19943 |  506   494 |      1413|       0.47       7.01|
Info:      29000 |     7135      20730 |  213   787 |       692|       0.26       7.26|
Info:      30000 |     7337      21528 |  202   798 |        11|       0.42       7.69|
Info:      30020 |     7346      21540 |    9    12 |         0|       0.04       7.72|
Info: Routing complete.
Info: Router1 time 7.72s
Info: Checksum: 0xe12a94db

Info: Critical path report for clock 'clk_25_175' (posedge -> posedge):
Info: curr total
Info:  0.5  0.5  Source core.hreadwire_SB_DFFE_Q_6_DFFLC.O
Info:  1.6  2.1    Net h_readwire[3] budget 0.000000 ns (23,19) -> (27,20)
Info:                Sink $nextpnr_ICESTORM_LC_62.I1
Info:                Defined in:
Info:                  src/top.v:141.20-149.6
Info:                  src/gamespeed_display.v:6.22-6.31
Info:  0.3  2.4  Source $nextpnr_ICESTORM_LC_62.COUT
Info:  0.0  2.4    Net $nextpnr_ICESTORM_LC_62$O budget 0.000000 ns (27,20) -> (27,20)
Info:                Sink game_manager.h.pposition_SB_LUT4_O_I3_SB_CARRY_CO_4$CARRY.CIN
Info:  0.1  2.5  Source game_manager.h.pposition_SB_LUT4_O_I3_SB_CARRY_CO_4$CARRY.COUT
Info:  0.0  2.5    Net game_manager.h.pposition_SB_LUT4_O_I3[2] budget 0.000000 ns (27,20) -> (27,20)
Info:                Sink game_manager.h.pposition_SB_LUT4_O_4_LC.CIN
Info:                Defined in:
Info:                  src/top.v:160.14-169.6
Info:                  src/gmanager.v:43.29-43.43
Info:                  /usr/bin/../share/yosys/ice40/arith_map.v:51.21-51.22
Info:  0.1  2.6  Source game_manager.h.pposition_SB_LUT4_O_4_LC.COUT
Info:  0.0  2.6    Net game_manager.h.pposition_SB_LUT4_O_I3[3] budget 0.000000 ns (27,20) -> (27,20)
Info:                Sink game_manager.h.pposition_SB_LUT4_O_3_LC.CIN
Info:                Defined in:
Info:                  src/top.v:160.14-169.6
Info:                  src/gmanager.v:43.29-43.43
Info:                  /usr/bin/../share/yosys/ice40/arith_map.v:51.21-51.22
Info:  0.1  2.8  Source game_manager.h.pposition_SB_LUT4_O_3_LC.COUT
Info:  0.0  2.8    Net game_manager.h.pposition_SB_LUT4_O_I3[4] budget 0.000000 ns (27,20) -> (27,20)
Info:                Sink game_manager.h.pposition_SB_LUT4_O_2_LC.CIN
Info:                Defined in:
Info:                  src/top.v:160.14-169.6
Info:                  src/gmanager.v:43.29-43.43
Info:                  /usr/bin/../share/yosys/ice40/arith_map.v:51.21-51.22
Info:  0.1  2.9  Source game_manager.h.pposition_SB_LUT4_O_2_LC.COUT
Info:  0.3  3.2    Net game_manager.h.pposition_SB_LUT4_O_I3[5] budget 0.260000 ns (27,20) -> (27,20)
Info:                Sink game_manager.h.pposition_SB_LUT4_O_1_LC.I3
Info:                Defined in:
Info:                  src/top.v:160.14-169.6
Info:                  src/gmanager.v:43.29-43.43
Info:                  /usr/bin/../share/yosys/ice40/arith_map.v:51.21-51.22
Info:  0.3  3.5  Source game_manager.h.pposition_SB_LUT4_O_1_LC.O
Info:  1.6  5.1    Net game_manager.ohreadwire[8] budget 0.000000 ns (27,20) -> (23,21)
Info:                Sink memory.proposed_memval_SB_LUT4_I2_I3_SB_LUT4_O_I0_SB_LUT4_O_I2_SB_LUT4_O_I2_SB_LUT4_O_I0_SB_LUT4_O_1_I2_SB_CARRY_CO_CI_SB_CARRY_CO_I1_SB_LUT4_O_1_LC.I3
Info:                Defined in:
Info:                  src/top.v:160.14-169.6
Info:                  src/gmanager.v:43.16-43.26
Info:  0.3  5.4  Source memory.proposed_memval_SB_LUT4_I2_I3_SB_LUT4_O_I0_SB_LUT4_O_I2_SB_LUT4_O_I2_SB_LUT4_O_I0_SB_LUT4_O_1_I2_SB_CARRY_CO_CI_SB_CARRY_CO_I1_SB_LUT4_O_1_LC.O
Info:  1.3  6.7    Net memory.proposed_memval_SB_LUT4_I2_I3_SB_LUT4_O_I0_SB_LUT4_O_I2_SB_LUT4_O_I2_SB_LUT4_O_I0_SB_LUT4_O_1_I2_SB_CARRY_CO_CI_SB_CARRY_CO_3_I1[4] budget 0.000000 ns (23,21) -> (27,19)
Info:                Sink memory.proposed_memval_SB_LUT4_I2_I3_SB_LUT4_O_I0_SB_LUT4_O_1_I1_SB_LUT4_O_2_I1_SB_LUT4_O_I2_SB_LUT4_I3_O_SB_LUT4_O_I1_SB_LUT4_O_I1_SB_LUT4_I1_I3_SB_CARRY_CO_CI_SB_CARRY_CO$CARRY.I2
Info:                Defined in:
Info:                  src/top.v:160.14-169.6
Info:                  src/mod24.v:15.36-15.55
Info:                  src/gmanager.v:44.23-47.6
Info:                  /usr/bin/../share/yosys/ice40/arith_map.v:49.21-49.23
Info:  0.2  6.9  Source memory.proposed_memval_SB_LUT4_I2_I3_SB_LUT4_O_I0_SB_LUT4_O_1_I1_SB_LUT4_O_2_I1_SB_LUT4_O_I2_SB_LUT4_I3_O_SB_LUT4_O_I1_SB_LUT4_O_I1_SB_LUT4_I1_I3_SB_CARRY_CO_CI_SB_CARRY_CO$CARRY.COUT
Info:  0.0  6.9    Net memory.proposed_memval_SB_LUT4_I2_I3_SB_LUT4_O_I0_SB_LUT4_O_1_I1_SB_LUT4_O_2_I1_SB_LUT4_O_I2_SB_LUT4_I3_O_SB_LUT4_O_I1_SB_LUT4_O_I1_SB_LUT4_I1_I3[8] budget 0.000000 ns (27,19) -> (27,19)
Info:                Sink memory.proposed_memval_SB_LUT4_I2_I3_SB_LUT4_O_I0_SB_LUT4_O_1_I1_SB_LUT4_O_2_I1_SB_LUT4_O_I2_SB_LUT4_I3_O_SB_LUT4_O_I1_SB_LUT4_O_I1_SB_LUT4_I1_I3_SB_CARRY_CO$CARRY.CIN
Info:                Defined in:
Info:                  src/top.v:160.14-169.6
Info:                  src/mod24.v:15.36-15.55
Info:                  src/gmanager.v:44.23-47.6
Info:                  /usr/bin/../share/yosys/ice40/arith_map.v:51.21-51.22
Info:  0.1  7.1  Source memory.proposed_memval_SB_LUT4_I2_I3_SB_LUT4_O_I0_SB_LUT4_O_1_I1_SB_LUT4_O_2_I1_SB_LUT4_O_I2_SB_LUT4_I3_O_SB_LUT4_O_I1_SB_LUT4_O_I1_SB_LUT4_I1_I3_SB_CARRY_CO$CARRY.COUT
Info:  0.3  7.3    Net memory.proposed_memval_SB_LUT4_I2_I3_SB_LUT4_O_I0_SB_LUT4_O_1_I1_SB_LUT4_O_2_I1_SB_LUT4_O_I2_SB_LUT4_I3_O_SB_LUT4_O_I1_SB_LUT4_O_I1_SB_LUT4_I1_I2[3] budget 0.260000 ns (27,19) -> (27,19)
Info:                Sink memory.proposed_memval_SB_LUT4_I2_I3_SB_LUT4_O_I0_SB_LUT4_O_1_I1_SB_LUT4_O_2_I1_SB_LUT4_O_I2_SB_LUT4_I3_O_SB_LUT4_O_I1_SB_LUT4_O_I1_SB_LUT4_I1_LC.I3
Info:                Defined in:
Info:                  src/top.v:160.14-169.6
Info:                  src/mod24.v:15.36-15.55
Info:                  src/gmanager.v:44.23-47.6
Info:                  /usr/bin/../share/yosys/ice40/arith_map.v:37.23-37.25
Info:  0.3  7.6  Source memory.proposed_memval_SB_LUT4_I2_I3_SB_LUT4_O_I0_SB_LUT4_O_1_I1_SB_LUT4_O_2_I1_SB_LUT4_O_I2_SB_LUT4_I3_O_SB_LUT4_O_I1_SB_LUT4_O_I1_SB_LUT4_I1_LC.O
Info:  1.6  9.3    Net memory.proposed_memval_SB_LUT4_I2_I3_SB_LUT4_O_I0_SB_LUT4_O_1_I1_SB_LUT4_O_2_I1_SB_LUT4_O_I1[2] budget 0.000000 ns (27,19) -> (22,20)
Info:                Sink memory.proposed_memval_SB_LUT4_I2_I3_SB_LUT4_O_I0_SB_LUT4_O_1_I1_SB_LUT4_O_2_I1_SB_LUT4_O_I2_SB_LUT4_O_I2_SB_LUT4_I3_LC.I2
Info:                Defined in:
Info:                  /usr/bin/../share/yosys/ice40/cells_map.v:6.21-6.22
Info:  0.4  9.7  Source memory.proposed_memval_SB_LUT4_I2_I3_SB_LUT4_O_I0_SB_LUT4_O_1_I1_SB_LUT4_O_2_I1_SB_LUT4_O_I2_SB_LUT4_O_I2_SB_LUT4_I3_LC.O
Info:  1.3 10.9    Net memory.proposed_memval_SB_LUT4_I2_I3_SB_LUT4_O_I0_SB_LUT4_O_1_I1_SB_LUT4_O_2_I1_SB_LUT4_O_I2_SB_LUT4_O_I2_SB_LUT4_I3_O[3] budget 0.000000 ns (22,20) -> (20,19)
Info:                Sink memory.proposed_memval_SB_LUT4_I2_I3_SB_LUT4_O_I0_SB_LUT4_O_I2_SB_LUT4_O_I2_SB_LUT4_O_I0_SB_LUT4_O_1_I2_SB_LUT4_I3_O_SB_LUT4_I1_O_SB_LUT4_O_LC.I3
Info:                Defined in:
Info:                  /usr/bin/../share/yosys/ice40/cells_map.v:6.21-6.22
Info:  0.3 11.2  Source memory.proposed_memval_SB_LUT4_I2_I3_SB_LUT4_O_I0_SB_LUT4_O_I2_SB_LUT4_O_I2_SB_LUT4_O_I0_SB_LUT4_O_1_I2_SB_LUT4_I3_O_SB_LUT4_I1_O_SB_LUT4_O_LC.O
Info:  1.6 12.8    Net memory.proposed_memval_SB_LUT4_I2_I3_SB_LUT4_O_I0_SB_LUT4_O_1_I1_SB_LUT4_O_2_I1[0] budget 0.000000 ns (20,19) -> (14,17)
Info:                Sink memory.proposed_memval_SB_LUT4_I2_I3_SB_LUT4_O_I0_SB_LUT4_O_I2_SB_LUT4_O_I2_SB_LUT4_O_I0_SB_LUT4_I1_O_SB_LUT4_O_LC.I1
Info:                Defined in:
Info:                  /usr/bin/../share/yosys/ice40/cells_map.v:6.21-6.22
Info:  0.4 13.2  Source memory.proposed_memval_SB_LUT4_I2_I3_SB_LUT4_O_I0_SB_LUT4_O_I2_SB_LUT4_O_I2_SB_LUT4_O_I0_SB_LUT4_I1_O_SB_LUT4_O_LC.O
Info:  0.6 13.8    Net memory.memvalwire_SB_LUT4_O_I0_SB_LUT4_O_1_I0_SB_LUT4_O_I2[0] budget 0.000000 ns (14,17) -> (14,17)
Info:                Sink memory.memvalwire_SB_LUT4_O_1_I0_SB_LUT4_O_I0_SB_LUT4_O_2_I2_SB_LUT4_O_LC.I3
Info:                Defined in:
Info:                  /usr/bin/../share/yosys/ice40/cells_map.v:6.21-6.22
Info:  0.3 14.1  Source memory.memvalwire_SB_LUT4_O_1_I0_SB_LUT4_O_I0_SB_LUT4_O_2_I2_SB_LUT4_O_LC.O
Info:  1.1 15.3    Net memory.memvalwire_SB_LUT4_O_1_I0_SB_LUT4_O_I0_SB_LUT4_O_2_I2[2] budget 0.000000 ns (14,17) -> (13,17)
Info:                Sink memory.memvalwire_SB_LUT4_O_1_I0_SB_LUT4_O_I0_SB_LUT4_O_2_I2_SB_LUT4_I2_LC.I2
Info:                Defined in:
Info:                  /usr/bin/../share/yosys/ice40/cells_map.v:6.21-6.22
Info:  0.4 15.6  Source memory.memvalwire_SB_LUT4_O_1_I0_SB_LUT4_O_I0_SB_LUT4_O_2_I2_SB_LUT4_I2_LC.O
Info:  0.6 16.2    Net memory.memvalwire_SB_LUT4_O_1_I0_SB_LUT4_O_I0_SB_LUT4_O_2_I2_SB_LUT4_I2_O[0] budget 0.000000 ns (13,17) -> (14,16)
Info:                Sink game_manager.sh.block_x_SB_LUT4_O_I2_SB_LUT4_O_I3_SB_LUT4_O_LC.I1
Info:                Defined in:
Info:                  /usr/bin/../share/yosys/ice40/cells_map.v:6.21-6.22
Info:  0.4 16.6  Source game_manager.sh.block_x_SB_LUT4_O_I2_SB_LUT4_O_I3_SB_LUT4_O_LC.O
Info:  0.6 17.2    Net game_manager.sh.block_x_SB_LUT4_O_I2_SB_LUT4_O_I3[3] budget 0.000000 ns (14,16) -> (15,16)
Info:                Sink game_manager.sh.block_x_SB_LUT4_O_I2_SB_LUT4_O_LC.I3
Info:                Defined in:
Info:                  /usr/bin/../share/yosys/ice40/cells_map.v:6.21-6.22
Info:  0.3 17.5  Source game_manager.sh.block_x_SB_LUT4_O_I2_SB_LUT4_O_LC.O
Info:  0.6 18.1    Net game_manager.sh.block_x_SB_LUT4_O_I2[2] budget 0.000000 ns (15,16) -> (15,15)
Info:                Sink game_manager.sh.block_x_SB_LUT4_O_LC.I2
Info:                Defined in:
Info:                  src/top.v:160.14-169.6
Info:                  src/mod24.v:58.21-58.37
Info:                  src/gmanager.v:49.26-53.6
Info:                  /usr/bin/../share/yosys/ice40/arith_map.v:49.21-49.23
Info:  0.4 18.5  Source game_manager.sh.block_x_SB_LUT4_O_LC.O
Info:  0.6 19.1    Net game_manager.blkoffset_horizontal[5] budget 0.000000 ns (15,15) -> (16,14)
Info:                Sink game_manager.sh.block_x_SB_LUT4_I3_LC.I3
Info:                Defined in:
Info:                  src/top.v:160.14-169.6
Info:                  src/shader.v:2.21-2.28
Info:                  src/gmanager.v:55.12-60.6
Info:  0.3 19.4  Source game_manager.sh.block_x_SB_LUT4_I3_LC.O
Info:  0.6 20.0    Net game_manager.sh.block_x_SB_LUT4_I3_O[4] budget 0.000000 ns (16,14) -> (15,13)
Info:                Sink core.pixstream_SB_LUT4_O_11_I2_SB_LUT4_O_1_I0_SB_LUT4_O_1_I2_SB_LUT4_O_I2_SB_LUT4_I3_O_SB_LUT4_O_I2_SB_LUT4_O_I2_SB_LUT4_I1_O_SB_LUT4_O_I1_SB_LUT4_O_I3_SB_LUT4_O_I1_SB_CARRY_CO$CARRY.I2
Info:                Defined in:
Info:                  src/top.v:160.14-169.6
Info:                  src/shader.v:10.39-10.51
Info:                  src/gmanager.v:55.12-60.6
Info:                  /usr/bin/../share/yosys/ice40/arith_map.v:49.21-49.23
Info:  0.2 20.2  Source core.pixstream_SB_LUT4_O_11_I2_SB_LUT4_O_1_I0_SB_LUT4_O_1_I2_SB_LUT4_O_I2_SB_LUT4_I3_O_SB_LUT4_O_I2_SB_LUT4_O_I2_SB_LUT4_I1_O_SB_LUT4_O_I1_SB_LUT4_O_I3_SB_LUT4_O_I1_SB_CARRY_CO$CARRY.COUT
Info:  0.3 20.5    Net $nextpnr_ICESTORM_LC_191$I3 budget 0.260000 ns (15,13) -> (15,13)
Info:                Sink $nextpnr_ICESTORM_LC_191.I3
Info:  0.3 20.8  Source $nextpnr_ICESTORM_LC_191.O
Info:  0.6 21.4    Net core.pixstream_SB_LUT4_O_11_I2_SB_LUT4_O_1_I0_SB_LUT4_O_1_I2_SB_LUT4_O_I2_SB_LUT4_I3_O_SB_LUT4_O_I2_SB_LUT4_O_I2_SB_LUT4_I1_O_SB_LUT4_O_I1_SB_LUT4_O_I3_SB_LUT4_O_I1[3] budget 0.271000 ns (15,13) -> (16,13)
Info:                Sink core.pixstream_SB_LUT4_O_11_I2_SB_LUT4_O_1_I0_SB_LUT4_O_1_I2_SB_LUT4_O_I2_SB_LUT4_I3_O_SB_LUT4_O_I2_SB_LUT4_O_I2_SB_LUT4_I1_O_SB_LUT4_O_I1_SB_LUT4_O_I3_SB_LUT4_O_LC.I1
Info:                Defined in:
Info:                  src/top.v:160.14-169.6
Info:                  src/shader.v:10.23-10.34
Info:                  src/gmanager.v:55.12-60.6
Info:                  /usr/bin/../share/yosys/ice40/arith_map.v:37.23-37.25
Info:  0.4 21.8  Source core.pixstream_SB_LUT4_O_11_I2_SB_LUT4_O_1_I0_SB_LUT4_O_1_I2_SB_LUT4_O_I2_SB_LUT4_I3_O_SB_LUT4_O_I2_SB_LUT4_O_I2_SB_LUT4_I1_O_SB_LUT4_O_I1_SB_LUT4_O_I3_SB_LUT4_O_LC.O
Info:  0.6 22.4    Net core.pixstream_SB_LUT4_O_11_I2_SB_LUT4_O_1_I0_SB_LUT4_O_1_I2_SB_LUT4_O_I2_SB_LUT4_I3_O_SB_LUT4_O_I2_SB_LUT4_O_I2_SB_LUT4_I1_O_SB_LUT4_O_I1_SB_LUT4_O_I3[2] budget -0.456000 ns (16,13) -> (16,12)
Info:                Sink core.pixstream_SB_LUT4_O_11_I2_SB_LUT4_O_1_I0_SB_LUT4_O_1_I2_SB_LUT4_O_I2_SB_LUT4_I3_O_SB_LUT4_O_I2_SB_LUT4_O_I2_SB_LUT4_I1_O_SB_LUT4_I1_O_SB_LUT4_O_I3_SB_LUT4_O_LC.I2
Info:                Defined in:
Info:                  /usr/bin/../share/yosys/ice40/cells_map.v:6.21-6.22
Info:  0.4 22.7  Source core.pixstream_SB_LUT4_O_11_I2_SB_LUT4_O_1_I0_SB_LUT4_O_1_I2_SB_LUT4_O_I2_SB_LUT4_I3_O_SB_LUT4_O_I2_SB_LUT4_O_I2_SB_LUT4_I1_O_SB_LUT4_I1_O_SB_LUT4_O_I3_SB_LUT4_O_LC.O
Info:  0.6 23.3    Net core.pixstream_SB_LUT4_O_11_I2_SB_LUT4_O_1_I0_SB_LUT4_O_1_I2_SB_LUT4_O_I2_SB_LUT4_I3_O_SB_LUT4_O_I2_SB_LUT4_O_I2_SB_LUT4_I1_O_SB_LUT4_I1_O_SB_LUT4_O_I3[2] budget 0.769000 ns (16,12) -> (17,11)
Info:                Sink core.pixstream_SB_LUT4_O_11_I2_SB_LUT4_O_1_I0_SB_LUT4_O_1_I2_SB_LUT4_O_I2_SB_LUT4_I3_O_SB_LUT4_O_I2_SB_LUT4_O_I2_SB_LUT4_I1_O_SB_LUT4_I1_O_SB_LUT4_O_LC.I3
Info:                Defined in:
Info:                  /usr/bin/../share/yosys/ice40/cells_map.v:6.21-6.22
Info:  0.3 23.6  Source core.pixstream_SB_LUT4_O_11_I2_SB_LUT4_O_1_I0_SB_LUT4_O_1_I2_SB_LUT4_O_I2_SB_LUT4_I3_O_SB_LUT4_O_I2_SB_LUT4_O_I2_SB_LUT4_I1_O_SB_LUT4_I1_O_SB_LUT4_O_LC.O
Info:  0.6 24.2    Net core.pixstream_SB_LUT4_O_11_I2_SB_LUT4_O_1_I0_SB_LUT4_O_1_I2_SB_LUT4_O_I2_SB_LUT4_I3_O_SB_LUT4_O_I2_SB_LUT4_O_I2_SB_LUT4_I1_O_SB_LUT4_I1_O[1] budget 0.572000 ns (17,11) -> (17,12)
Info:                Sink game_manager.pixstream_SB_DFFSR_Q_9_D_SB_LUT4_O_I1_SB_LUT4_O_LC.I2
Info:                Defined in:
Info:                  /usr/bin/../share/yosys/ice40/cells_map.v:6.21-6.22
Info:  0.4 24.6  Source game_manager.pixstream_SB_DFFSR_Q_9_D_SB_LUT4_O_I1_SB_LUT4_O_LC.O
Info:  0.6 25.2    Net game_manager.pixstream_SB_DFFSR_Q_9_D_SB_LUT4_O_I1[0] budget 0.767000 ns (17,12) -> (18,11)
Info:                Sink game_manager.pixstream_SB_DFFSR_Q_1_D_SB_LUT4_O_LC.I1
Info:                Defined in:
Info:                  /usr/bin/../share/yosys/ice40/cells_map.v:6.21-6.22
Info:  0.4 25.6  Setup game_manager.pixstream_SB_DFFSR_Q_1_D_SB_LUT4_O_LC.I1
Info: 8.2 ns logic, 17.4 ns routing

Info: Critical path report for cross-domain path '<async>' -> 'posedge clk_25_175':
Info: curr total
Info:  0.0  0.0  Source butt4$sb_io.D_IN_0
Info:  1.7  1.7    Net butt4$SB_IO_IN budget 32.998001 ns (5,33) -> (2,27)
Info:                Sink butt4_SB_LUT4_I3_LC.I3
Info:                Defined in:
Info:                  src/top.v:97.17-120.6
Info:                  src/volatile_cell_storage.v:12.16-12.21
Info:  0.3  2.0  Setup butt4_SB_LUT4_I3_LC.I3
Info: 0.3 ns logic, 1.7 ns routing

Info: Critical path report for cross-domain path 'posedge clk_25_175' -> '<async>':
Info: curr total
Info:  0.5  0.5  Source core.h_drawing_pixels_SB_DFFE_Q_D_SB_LUT4_O_LC.O
Info:  2.3  2.8    Net core.h_drawing_pixels budget 15.555000 ns (18,3) -> (6,9)
Info:                Sink vga_g_SB_LUT4_O_2_LC.I2
Info:                Defined in:
Info:                  src/top.v:171.13-183.6
Info:                  src/vga_core.v:46.10-46.26
Info:  0.4  3.2  Source vga_g_SB_LUT4_O_2_LC.O
Info:  2.6  5.8    Net vga_g[1]$SB_IO_OUT budget 15.858000 ns (6,9) -> (0,25)
Info:                Sink vga_g[1]$sb_io.D_OUT_0
Info:                Defined in:
Info:                  src/top.v:18.21-18.26
Info: 0.9 ns logic, 4.8 ns routing

Info: Max frequency for clock 'clk_25_175': 39.03 MHz (PASS at 30.00 MHz)

Info: Max delay <async>            -> posedge clk_25_175: 2.00 ns
Info: Max delay posedge clk_25_175 -> <async>           : 5.76 ns

Info: Slack histogram:
Info:  legend: * represents 27 endpoint(s)
Info:          + represents [1,27) endpoint(s)
Info: [  7712,   8947) |+
Info: [  8947,  10182) |+
Info: [ 10182,  11417) |+
Info: [ 11417,  12652) |+
Info: [ 12652,  13887) |*+
Info: [ 13887,  15122) |*+
Info: [ 15122,  16357) |+
Info: [ 16357,  17592) |+
Info: [ 17592,  18827) |+
Info: [ 18827,  20062) |*+
Info: [ 20062,  21297) |**+
Info: [ 21297,  22532) |**********+
Info: [ 22532,  23767) |***************+
Info: [ 23767,  25002) |************+
Info: [ 25002,  26237) |********+
Info: [ 26237,  27472) |********+
Info: [ 27472,  28707) |****+
Info: [ 28707,  29942) |************************************************************ 
Info: [ 29942,  31177) |*********************************+
Info: [ 31177,  32412) |*******************+
1 warning, 0 errors
